<?xml version="1.0" encoding="UTF-8"?>
<testsuite xmlns:xsi="http://www.w3.org/2001/XMLSchema-instance" xsi:noNamespaceSchemaLocation="https://maven.apache.org/surefire/maven-surefire-plugin/xsd/surefire-test-report.xsd" name="spindl.AppTest" time="0.03" tests="2" errors="0" skipped="0" failures="0">
  <properties>
    <property name="sun.desktop" value="windows"/>
    <property name="awt.toolkit" value="sun.awt.windows.WToolkit"/>
    <property name="file.encoding.pkg" value="sun.io"/>
    <property name="java.specification.version" value="1.8"/>
    <property name="sun.cpu.isalist" value="amd64"/>
    <property name="sun.jnu.encoding" value="Cp1252"/>
    <property name="java.class.path" value="D:\Libraries\Documents\Coding Stuff\Develop\Tiurs_Library\spindl-core\target\test-classes;D:\Libraries\Documents\Coding Stuff\Develop\Tiurs_Library\spindl-core\target\classes;C:\Users\Dan\.m2\repository\junit\junit\4.11\junit-4.11.jar;C:\Users\Dan\.m2\repository\org\hamcrest\hamcrest-core\1.3\hamcrest-core-1.3.jar;"/>
    <property name="java.vm.vendor" value="AdoptOpenJDK"/>
    <property name="sun.arch.data.model" value="64"/>
    <property name="user.variant" value=""/>
    <property name="java.vendor.url" value="https://adoptopenjdk.net/"/>
    <property name="user.timezone" value="America/New_York"/>
    <property name="java.vm.specification.version" value="1.8"/>
    <property name="os.name" value="Windows 10"/>
    <property name="user.country" value="US"/>
    <property name="sun.java.launcher" value="SUN_STANDARD"/>
    <property name="sun.boot.library.path" value="D:\Libraries\Documents\Coding Stuff\Java 1.8.0-292\jre\bin"/>
    <property name="sun.java.command" value="C:\Users\Dan\AppData\Local\Temp\surefire215874883258429503\surefirebooter7298387937690359297.jar C:\Users\Dan\AppData\Local\Temp\surefire215874883258429503 2021-10-14T21-38-42_571-jvmRun1 surefire7559496341638576754tmp surefire_05894648031091134218tmp"/>
    <property name="surefire.test.class.path" value="D:\Libraries\Documents\Coding Stuff\Develop\Tiurs_Library\spindl-core\target\test-classes;D:\Libraries\Documents\Coding Stuff\Develop\Tiurs_Library\spindl-core\target\classes;C:\Users\Dan\.m2\repository\junit\junit\4.11\junit-4.11.jar;C:\Users\Dan\.m2\repository\org\hamcrest\hamcrest-core\1.3\hamcrest-core-1.3.jar;"/>
    <property name="sun.cpu.endian" value="little"/>
    <property name="user.home" value="C:\Users\Dan"/>
    <property name="user.language" value="en"/>
    <property name="java.specification.vendor" value="Oracle Corporation"/>
    <property name="java.home" value="D:\Libraries\Documents\Coding Stuff\Java 1.8.0-292\jre"/>
    <property name="basedir" value="D:\Libraries\Documents\Coding Stuff\Develop\Tiurs_Library\spindl-core"/>
    <property name="file.separator" value="\"/>
    <property name="line.separator" value="&#10;"/>
    <property name="java.vm.specification.vendor" value="Oracle Corporation"/>
    <property name="java.specification.name" value="Java Platform API Specification"/>
    <property name="java.awt.graphicsenv" value="sun.awt.Win32GraphicsEnvironment"/>
    <property name="surefire.real.class.path" value="C:\Users\Dan\AppData\Local\Temp\surefire215874883258429503\surefirebooter7298387937690359297.jar"/>
    <property name="sun.boot.class.path" value="D:\Libraries\Documents\Coding Stuff\Java 1.8.0-292\jre\lib\resources.jar;D:\Libraries\Documents\Coding Stuff\Java 1.8.0-292\jre\lib\rt.jar;D:\Libraries\Documents\Coding Stuff\Java 1.8.0-292\jre\lib\sunrsasign.jar;D:\Libraries\Documents\Coding Stuff\Java 1.8.0-292\jre\lib\jsse.jar;D:\Libraries\Documents\Coding Stuff\Java 1.8.0-292\jre\lib\jce.jar;D:\Libraries\Documents\Coding Stuff\Java 1.8.0-292\jre\lib\charsets.jar;D:\Libraries\Documents\Coding Stuff\Java 1.8.0-292\jre\lib\jfr.jar;D:\Libraries\Documents\Coding Stuff\Java 1.8.0-292\jre\classes"/>
    <property name="user.script" value=""/>
    <property name="sun.management.compiler" value="HotSpot 64-Bit Tiered Compilers"/>
    <property name="java.runtime.version" value="1.8.0_292-b10"/>
    <property name="user.name" value="Dan"/>
    <property name="path.separator" value=";"/>
    <property name="os.version" value="10.0"/>
    <property name="java.endorsed.dirs" value="D:\Libraries\Documents\Coding Stuff\Java 1.8.0-292\jre\lib\endorsed"/>
    <property name="java.runtime.name" value="OpenJDK Runtime Environment"/>
    <property name="file.encoding" value="Cp1252"/>
    <property name="java.vm.name" value="OpenJDK 64-Bit Server VM"/>
    <property name="localRepository" value="C:\Users\Dan\.m2\repository"/>
    <property name="java.vendor.url.bug" value="https://github.com/AdoptOpenJDK/openjdk-support/issues"/>
    <property name="java.io.tmpdir" value="C:\Users\Dan\AppData\Local\Temp\"/>
    <property name="java.version" value="1.8.0_292"/>
    <property name="user.dir" value="D:\Libraries\Documents\Coding Stuff\Develop\Tiurs_Library\spindl-core"/>
    <property name="os.arch" value="amd64"/>
    <property name="java.vm.specification.name" value="Java Virtual Machine Specification"/>
    <property name="java.awt.printerjob" value="sun.awt.windows.WPrinterJob"/>
    <property name="sun.os.patch.level" value=""/>
    <property name="java.library.path" value="D:\Libraries\Documents\Coding Stuff\Java 1.8.0-292\jre\bin;C:\WINDOWS\Sun\Java\bin;C:\WINDOWS\system32;C:\WINDOWS;C:\Users\Dan\bin;C:\Program Files\Git\mingw64\bin;C:\Program Files\Git\usr\local\bin;C:\Program Files\Git\usr\bin;C:\Program Files\Git\usr\bin;C:\Program Files\Git\mingw64\bin;C:\Program Files\Git\usr\bin;C:\Users\Dan\bin;C:\Program Files (x86)\Common Files\Intel\Shared Libraries\redist\intel64\compiler;C:\Program Files\Oculus\Support\oculus-runtime;C:\ProgramData\Oracle\Java\javapath;C:\Program Files (x86)\Intel\iCLS Client;C:\Program Files\Intel\iCLS Client;C:\Windows\system32;C:\Windows;C:\Windows\System32\Wbem;C:\Windows\System32\WindowsPowerShell\v1.0;C:\Program Files (x86)\Intel\Intel(R) Management Engine Components\DAL;C:\Program Files\Intel\Intel(R) Management Engine Components\DAL;C:\Program Files (x86)\Intel\Intel(R) Management Engine Components\IPT;C:\Program Files\Intel\Intel(R) Management Engine Components\IPT;C:\WINDOWS\system32;C:\WINDOWS;C:\WINDOWS\System32\Wbem;C:\WINDOWS\System32\WindowsPowerShell\v1.0;C:\Program Files (x86)\Skype\Phone;C:\WINDOWS\system32;C:\WINDOWS;C:\WINDOWS\System32\Wbem;C:\WINDOWS\System32\WindowsPowerShell\v1.0;C:\WINDOWS\System32\OpenSSH;C:\Program Files (x86)\NVIDIA Corporation\PhysX\Common;C:\Program Files\NVIDIA Corporation\NVIDIA NvDLISR;C:\Program Files\Git\cmd;D:\Libraries\Documents\Coding Stuff\apache-maven-3.8.3\bin;C:\Users\Dan\AppData\Local\Microsoft\WindowsApps;D:\Libraries\Documents\Coding Stuff\apache-maven-3.8.3\bin;C:\Program Files\Git\usr\bin\vendor_perl;C:\Program Files\Git\usr\bin\core_perl;."/>
    <property name="java.vm.info" value="mixed mode"/>
    <property name="java.vendor" value="AdoptOpenJDK"/>
    <property name="java.vm.version" value="25.292-b10"/>
    <property name="java.ext.dirs" value="D:\Libraries\Documents\Coding Stuff\Java 1.8.0-292\jre\lib\ext;C:\WINDOWS\Sun\Java\lib\ext"/>
    <property name="sun.io.unicode.encoding" value="UnicodeLittle"/>
    <property name="java.class.version" value="52.0"/>
  </properties>
  <testcase name="shouldAnswerWithTrue" classname="spindl.AppTest" time="0.003"/>
  <testcase name="needleTest" classname="spindl.AppTest" time="0"/>
</testsuite>